2023-05-15 20:29:03,467 INFO  [Log4j] **************************************************************************************** 
2023-05-15 20:29:03,467 INFO  [Log4j] **************************************************************************************** 
2023-05-15 20:29:03,467 INFO  [Log4j] $$$$$$$$$$$$$$$$$$$$$                 PostMethod       $$$$$$$$$$$$$$$$$$$$$$$$$ 
2023-05-15 20:29:03,467 INFO  [Log4j] **************************************************************************************** 
2023-05-15 20:29:03,467 INFO  [Log4j] **************************************************************************************** 
2023-05-15 20:29:04,983 INFO  [Log4j] {
    "name": "morpheus",
    "job": "leader",
    "id": "892",
    "createdAt": "2023-05-16T00:29:04.335Z"
} 
2023-05-15 20:29:04,996 INFO  [Log4j] **************************************************************************************** 
2023-05-15 20:29:04,996 INFO  [Log4j] **************************************************************************************** 
2023-05-15 20:29:04,996 INFO  [Log4j] $$$$$$$$$$$$$$$$$$$$$                 getMethodwithPathParam       $$$$$$$$$$$$$$$$$$$$$$$$$ 
2023-05-15 20:29:04,996 INFO  [Log4j] **************************************************************************************** 
2023-05-15 20:29:04,996 INFO  [Log4j] **************************************************************************************** 
2023-05-15 20:29:05,104 INFO  [Log4j] {
    "page": 2,
    "per_page": 6,
    "total": 12,
    "total_pages": 2,
    "data": [
        {
            "id": 7,
            "email": "michael.lawson@reqres.in",
            "first_name": "Michael",
            "last_name": "Lawson",
            "avatar": "https://reqres.in/img/faces/7-image.jpg"
        },
        {
            "id": 8,
            "email": "lindsay.ferguson@reqres.in",
            "first_name": "Lindsay",
            "last_name": "Ferguson",
            "avatar": "https://reqres.in/img/faces/8-image.jpg"
        },
        {
            "id": 9,
            "email": "tobias.funke@reqres.in",
            "first_name": "Tobias",
            "last_name": "Funke",
            "avatar": "https://reqres.in/img/faces/9-image.jpg"
        },
        {
            "id": 10,
            "email": "byron.fields@reqres.in",
            "first_name": "Byron",
            "last_name": "Fields",
            "avatar": "https://reqres.in/img/faces/10-image.jpg"
        },
        {
            "id": 11,
            "email": "george.edwards@reqres.in",
            "first_name": "George",
            "last_name": "Edwards",
            "avatar": "https://reqres.in/img/faces/11-image.jpg"
        },
        {
            "id": 12,
            "email": "rachel.howell@reqres.in",
            "first_name": "Rachel",
            "last_name": "Howell",
            "avatar": "https://reqres.in/img/faces/12-image.jpg"
        }
    ],
    "support": {
        "url": "https://reqres.in/#support-heading",
        "text": "To keep ReqRes free, contributions towards server costs are appreciated!"
    }
} 
